---------------
Debug message (2): 0:5(2): error: `frag_colour' undeclared
Source: Shader Compiler
Type: Error
Severity: high

---------------
Debug message (3): 0:5(2): error: value of type vec4 cannot be assigned to variable of type error
Source: Shader Compiler
Type: Error
Severity: high

---------------
Debug message (1): GL_INVALID_OPERATION in glGetAttribLocation(program not linked)
Source: API
Type: Error
Severity: high

---------------
Debug message (1): GL_INVALID_OPERATION in glGetAttribLocation(program not linked)
Source: API
Type: Error
Severity: high

---------------
Debug message (1): GL_INVALID_OPERATION in glGetAttribLocation(program not linked)
Source: API
Type: Error
Severity: high

---------------
Debug message (1): GL_INVALID_OPERATION in glGetAttribLocation(program not linked)
Source: API
Type: Error
Severity: high

---------------
Debug message (4): using glBufferSubData(buffer 1, offset 163728, size 4752) to update a GL_STATIC_DRAW buffer
Source: API
Type: Performance
Severity: medium

---------------
Debug message (4): using glBufferSubData(buffer 1, offset 41040, size 30672) to update a GL_STATIC_DRAW buffer
Source: API
Type: Performance
Severity: medium

---------------
Debug message (4): using glBufferSubData(buffer 1, offset 168480, size 3456) to update a GL_STATIC_DRAW buffer
Source: API
Type: Performance
Severity: medium

---------------
Debug message (4): using glBufferSubData(buffer 1, offset 171936, size 30672) to update a GL_STATIC_DRAW buffer
Source: API
Type: Performance
Severity: medium

---------------
Debug message (4): using glBufferSubData(buffer 1, offset 202608, size 3456) to update a GL_STATIC_DRAW buffer
Source: API
Type: Performance
Severity: medium

---------------
Debug message (4): using glBufferSubData(buffer 1, offset 206064, size 30672) to update a GL_STATIC_DRAW buffer
Source: API
Type: Performance
Severity: medium

---------------
Debug message (4): using glBufferSubData(buffer 1, offset 236736, size 3456) to update a GL_STATIC_DRAW buffer
Source: API
Type: Performance
Severity: medium

---------------
Debug message (4): using glBufferSubData(buffer 1, offset 71712, size 30672) to update a GL_STATIC_DRAW buffer
Source: API
Type: Performance
Severity: medium

---------------
Debug message (4): using glBufferSubData(buffer 1, offset 311904, size 3456) to update a GL_STATIC_DRAW buffer
Source: API
Type: Performance
Severity: medium

---------------
Debug message (4): using glBufferSubData(buffer 1, offset 315360, size 30672) to update a GL_STATIC_DRAW buffer
Source: API
Type: Performance
Severity: medium

---------------
Debug message (4): using glBufferSubData(buffer 1, offset 346032, size 3456) to update a GL_STATIC_DRAW buffer
Source: API
Type: Performance
Severity: medium

---------------
Debug message (4): using glBufferSubData(buffer 1, offset 349488, size 30672) to update a GL_STATIC_DRAW buffer
Source: API
Type: Performance
Severity: medium

---------------
Debug message (4): using glBufferSubData(buffer 1, offset 380160, size 3456) to update a GL_STATIC_DRAW buffer
Source: API
Type: Performance
Severity: medium

---------------
Debug message (4): using glBufferSubData(buffer 1, offset 8208, size 2160) to update a GL_STATIC_DRAW buffer
Source: API
Type: Performance
Severity: medium

---------------
Debug message (4): using glBufferSubData(buffer 1, offset 102384, size 30672) to update a GL_STATIC_DRAW buffer
Source: API
Type: Performance
Severity: medium

---------------
Debug message (4): using glBufferSubData(buffer 1, offset 240192, size 3456) to update a GL_STATIC_DRAW buffer
Source: API
Type: Performance
Severity: medium

---------------
Debug message (4): using glBufferSubData(buffer 1, offset 243648, size 30672) to update a GL_STATIC_DRAW buffer
Source: API
Type: Performance
Severity: medium

---------------
Debug message (4): using glBufferSubData(buffer 1, offset 274320, size 3456) to update a GL_STATIC_DRAW buffer
Source: API
Type: Performance
Severity: medium

---------------
Debug message (4): using glBufferSubData(buffer 1, offset 277776, size 30672) to update a GL_STATIC_DRAW buffer
Source: API
Type: Performance
Severity: medium

---------------
Debug message (4): using glBufferSubData(buffer 1, offset 308448, size 3456) to update a GL_STATIC_DRAW buffer
Source: API
Type: Performance
Severity: medium

---------------
Debug message (4): using glBufferSubData(buffer 1, offset 133056, size 30672) to update a GL_STATIC_DRAW buffer
Source: API
Type: Performance
Severity: medium

---------------
Debug message (4): using glBufferSubData(buffer 1, offset 383616, size 3456) to update a GL_STATIC_DRAW buffer
Source: API
Type: Performance
Severity: medium

---------------
Debug message (4): using glBufferSubData(buffer 1, offset 387072, size 30672) to update a GL_STATIC_DRAW buffer
Source: API
Type: Performance
Severity: medium

---------------
Debug message (4): using glBufferSubData(buffer 1, offset 417744, size 3456) to update a GL_STATIC_DRAW buffer
Source: API
Type: Performance
Severity: medium

---------------
Debug message (4): using glBufferSubData(buffer 1, offset 421200, size 30672) to update a GL_STATIC_DRAW buffer
Source: API
Type: Performance
Severity: medium

---------------
Debug message (4): using glBufferSubData(buffer 1, offset 451872, size 3456) to update a GL_STATIC_DRAW buffer
Source: API
Type: Performance
Severity: medium

---------------
Debug message (4): using glBufferSubData(buffer 1, offset 455328, size 3456) to update a GL_STATIC_DRAW buffer
Source: API
Type: Performance
Severity: medium

---------------
Debug message (1): GL_INVALID_VALUE in glEnableVertexAttribArray(index)
Source: API
Type: Error
Severity: high

---------------
Debug message (1): GL_INVALID_VALUE in glVertexAttribPointerARB(idx)
Source: API
Type: Error
Severity: high

---------------
Debug message (1): GL_INVALID_OPERATION in glUseProgram(program 6 not linked)
Source: API
Type: Error
Severity: high

---------------
Debug message (1): GL_INVALID_OPERATION in glUniformMatrix(program not linked)
Source: API
Type: Error
Severity: high

